janv. 21, 2018 7:53:36 PM org.apache.catalina.core.AprLifecycleListener init
INFOS: The APR based Apache Tomcat Native library which allows optimal performance in production environments was not found on the java.library.path: /usr/java/packages/lib/amd64:/usr/lib/x86_64-linux-gnu/jni:/lib/x86_64-linux-gnu:/usr/lib/x86_64-linux-gnu:/usr/lib/jni:/lib:/usr/lib
janv. 21, 2018 7:53:37 PM org.apache.coyote.AbstractProtocol init
INFOS: Initializing ProtocolHandler ["http-bio-8200"]
janv. 21, 2018 7:53:38 PM org.apache.coyote.AbstractProtocol init
INFOS: Initializing ProtocolHandler ["ajp-bio-8300"]
janv. 21, 2018 7:53:38 PM org.apache.catalina.startup.Catalina load
INFOS: Initialization processed in 2156 ms
janv. 21, 2018 7:53:38 PM org.apache.catalina.core.StandardService startInternal
INFOS: Démarrage du service Catalina
janv. 21, 2018 7:53:38 PM org.apache.catalina.core.StandardEngine startInternal
INFOS: Starting Servlet Engine: Apache Tomcat/7.0.47
janv. 21, 2018 7:53:38 PM org.apache.catalina.startup.HostConfig deployDirectory
INFOS: Déploiement du répertoire /home/winona/Bureau/Cours/s4/JavaWeb/tomcat/webapps/ROOT de l'application web
janv. 21, 2018 7:53:39 PM org.apache.catalina.startup.HostConfig deployDirectory
INFOS: Déploiement du répertoire /home/winona/Bureau/Cours/s4/JavaWeb/tomcat/webapps/docs de l'application web
janv. 21, 2018 7:53:39 PM org.apache.catalina.startup.HostConfig deployDirectory
INFOS: Déploiement du répertoire /home/winona/Bureau/Cours/s4/JavaWeb/tomcat/webapps/examples de l'application web
janv. 21, 2018 7:53:40 PM org.apache.catalina.startup.HostConfig deployDirectory
INFOS: Déploiement du répertoire /home/winona/Bureau/Cours/s4/JavaWeb/tomcat/webapps/host-manager de l'application web
janv. 21, 2018 7:53:40 PM org.apache.catalina.startup.HostConfig deployDirectory
INFOS: Déploiement du répertoire /home/winona/Bureau/Cours/s4/JavaWeb/tomcat/webapps/manager de l'application web
janv. 21, 2018 7:53:40 PM org.apache.coyote.AbstractProtocol start
INFOS: Starting ProtocolHandler ["http-bio-8200"]
janv. 21, 2018 7:53:40 PM org.apache.coyote.AbstractProtocol start
INFOS: Starting ProtocolHandler ["ajp-bio-8300"]
janv. 21, 2018 7:53:40 PM org.apache.catalina.startup.Catalina start
INFOS: Server startup in 2739 ms
janv. 21, 2018 7:53:49 PM org.apache.catalina.core.StandardServer await
INFOS: A valid shutdown command was received via the shutdown port. Stopping the Server instance.
janv. 21, 2018 7:53:49 PM org.apache.coyote.AbstractProtocol pause
INFOS: Pausing ProtocolHandler ["http-bio-8200"]
janv. 21, 2018 7:53:49 PM org.apache.coyote.AbstractProtocol pause
INFOS: Pausing ProtocolHandler ["ajp-bio-8300"]
janv. 21, 2018 7:53:49 PM org.apache.catalina.core.StandardService stopInternal
INFOS: Arrêt du service Catalina
janv. 21, 2018 7:53:49 PM org.apache.coyote.AbstractProtocol stop
INFOS: Stopping ProtocolHandler ["http-bio-8200"]
janv. 21, 2018 7:53:49 PM org.apache.coyote.AbstractProtocol stop
INFOS: Stopping ProtocolHandler ["ajp-bio-8300"]
janv. 21, 2018 7:53:49 PM org.apache.coyote.AbstractProtocol destroy
INFOS: Destroying ProtocolHandler ["http-bio-8200"]
janv. 21, 2018 7:53:49 PM org.apache.coyote.AbstractProtocol destroy
INFOS: Destroying ProtocolHandler ["ajp-bio-8300"]
janv. 21, 2018 7:54:10 PM org.apache.catalina.core.AprLifecycleListener init
INFOS: The APR based Apache Tomcat Native library which allows optimal performance in production environments was not found on the java.library.path: /usr/java/packages/lib/amd64:/usr/lib/x86_64-linux-gnu/jni:/lib/x86_64-linux-gnu:/usr/lib/x86_64-linux-gnu:/usr/lib/jni:/lib:/usr/lib
janv. 21, 2018 7:54:11 PM org.apache.coyote.AbstractProtocol init
INFOS: Initializing ProtocolHandler ["http-bio-8200"]
janv. 21, 2018 7:54:11 PM org.apache.coyote.AbstractProtocol init
INFOS: Initializing ProtocolHandler ["ajp-bio-8300"]
janv. 21, 2018 7:54:11 PM org.apache.catalina.startup.Catalina load
INFOS: Initialization processed in 1344 ms
janv. 21, 2018 7:54:11 PM org.apache.catalina.core.StandardService startInternal
INFOS: Démarrage du service Catalina
janv. 21, 2018 7:54:11 PM org.apache.catalina.core.StandardEngine startInternal
INFOS: Starting Servlet Engine: Apache Tomcat/7.0.47
janv. 21, 2018 7:54:11 PM org.apache.catalina.startup.HostConfig deployDirectory
INFOS: Déploiement du répertoire /home/winona/Bureau/Cours/s4/JavaWeb/tomcat/webapps/ROOT de l'application web
janv. 21, 2018 7:54:12 PM org.apache.catalina.startup.HostConfig deployDirectory
INFOS: Déploiement du répertoire /home/winona/Bureau/Cours/s4/JavaWeb/tomcat/webapps/docs de l'application web
janv. 21, 2018 7:54:12 PM org.apache.catalina.startup.HostConfig deployDirectory
INFOS: Déploiement du répertoire /home/winona/Bureau/Cours/s4/JavaWeb/tomcat/webapps/examples de l'application web
janv. 21, 2018 7:54:13 PM org.apache.catalina.startup.HostConfig deployDirectory
INFOS: Déploiement du répertoire /home/winona/Bureau/Cours/s4/JavaWeb/tomcat/webapps/host-manager de l'application web
janv. 21, 2018 7:54:14 PM org.apache.catalina.startup.HostConfig deployDirectory
INFOS: Déploiement du répertoire /home/winona/Bureau/Cours/s4/JavaWeb/tomcat/webapps/manager de l'application web
janv. 21, 2018 7:54:14 PM org.apache.coyote.AbstractProtocol start
INFOS: Starting ProtocolHandler ["http-bio-8200"]
janv. 21, 2018 7:54:14 PM org.apache.coyote.AbstractProtocol start
INFOS: Starting ProtocolHandler ["ajp-bio-8300"]
janv. 21, 2018 7:54:14 PM org.apache.catalina.startup.Catalina start
INFOS: Server startup in 3015 ms
janv. 21, 2018 7:57:07 PM org.apache.catalina.core.StandardServer await
INFOS: A valid shutdown command was received via the shutdown port. Stopping the Server instance.
janv. 21, 2018 7:57:07 PM org.apache.coyote.AbstractProtocol pause
INFOS: Pausing ProtocolHandler ["http-bio-8200"]
janv. 21, 2018 7:57:07 PM org.apache.coyote.AbstractProtocol pause
INFOS: Pausing ProtocolHandler ["ajp-bio-8300"]
janv. 21, 2018 7:57:07 PM org.apache.catalina.core.StandardService stopInternal
INFOS: Arrêt du service Catalina
janv. 21, 2018 7:57:07 PM org.apache.coyote.AbstractProtocol stop
INFOS: Stopping ProtocolHandler ["http-bio-8200"]
janv. 21, 2018 7:57:07 PM org.apache.coyote.AbstractProtocol stop
INFOS: Stopping ProtocolHandler ["ajp-bio-8300"]
janv. 21, 2018 7:57:07 PM org.apache.coyote.AbstractProtocol destroy
INFOS: Destroying ProtocolHandler ["http-bio-8200"]
janv. 21, 2018 7:57:07 PM org.apache.coyote.AbstractProtocol destroy
INFOS: Destroying ProtocolHandler ["ajp-bio-8300"]
